\BOOKMARK [1][-]{section.1}{\376\377\000I\000n\000t\000r\000o\000d\000u\000c\000c\000i\000\363\000n}{}% 1
\BOOKMARK [1][-]{section.2}{\376\377\000A\000r\000q\000u\000i\000t\000e\000c\000t\000u\000r\000a\000\040\000B\000D\000I}{}% 2
\BOOKMARK [2][-]{subsection.2.1}{\376\377\000B\000e\000l\000i\000e\000f\000s\000\040\000\050\000C\000r\000e\000e\000n\000c\000i\000a\000s\000\051}{section.2}% 3
\BOOKMARK [2][-]{subsection.2.2}{\376\377\000D\000e\000s\000i\000r\000e\000s\000\040\000\050\000D\000e\000s\000e\000o\000s\000\051}{section.2}% 4
\BOOKMARK [2][-]{subsection.2.3}{\376\377\000I\000n\000t\000e\000n\000t\000i\000o\000n\000s\000\040\000\050\000I\000n\000t\000e\000n\000c\000i\000o\000n\000e\000s\000\051}{section.2}% 5
\BOOKMARK [1][-]{section.3}{\376\377\000A\000l\000g\000o\000r\000i\000t\000m\000o\000\040\000G\000e\000n\000\351\000t\000i\000c\000o\000\040\000p\000a\000r\000a\000\040\000l\000a\000\040\000P\000l\000a\000n\000i\000f\000i\000c\000a\000c\000i\000\363\000n\000\040\000d\000e\000\040\000T\000a\000r\000e\000a\000s}{}% 6
\BOOKMARK [2][-]{subsection.3.1}{\376\377\000P\000o\000b\000l\000a\000c\000i\000\363\000n\000\040\000y\000\040\000G\000e\000n\000e\000r\000a\000c\000i\000\363\000n\000\040\000d\000e\000\040\000I\000n\000d\000i\000v\000i\000d\000u\000o\000s}{section.3}% 7
\BOOKMARK [2][-]{subsection.3.2}{\376\377\000S\000e\000l\000e\000c\000c\000i\000\363\000n\000\040\000y\000\040\000C\000r\000u\000z\000a\000m\000i\000e\000n\000t\000o}{section.3}% 8
\BOOKMARK [2][-]{subsection.3.3}{\376\377\000M\000u\000t\000a\000c\000i\000\363\000n}{section.3}% 9
\BOOKMARK [2][-]{subsection.3.4}{\376\377\000F\000u\000n\000c\000i\000\363\000n\000\040\000d\000e\000\040\000O\000p\000t\000i\000m\000i\000z\000a\000c\000i\000\363\000n}{section.3}% 10
\BOOKMARK [1][-]{section.4}{\376\377\000I\000n\000t\000e\000r\000a\000c\000c\000i\000\363\000n\000\040\000e\000n\000t\000r\000e\000\040\000A\000g\000e\000n\000t\000e\000s}{}% 11
\BOOKMARK [2][-]{subsection.4.1}{\376\377\000A\000s\000i\000g\000n\000a\000c\000i\000\363\000n\000\040\000d\000e\000\040\000T\000a\000r\000e\000a\000s\000\040\000B\000a\000s\000a\000d\000a\000\040\000e\000n\000\040\000H\000a\000b\000i\000l\000i\000d\000a\000d\000e\000s}{section.4}% 12
\BOOKMARK [2][-]{subsection.4.2}{\376\377\000G\000e\000n\000e\000r\000a\000c\000i\000\363\000n\000\040\000d\000e\000\040\000H\000i\000t\000o\000s}{section.4}% 13
\BOOKMARK [1][-]{section.5}{\376\377\000M\000o\000d\000e\000l\000a\000d\000o\000\040\000d\000e\000l\000\040\000P\000r\000o\000y\000e\000c\000t\000o\000\040\000c\000o\000n\000\040\000O\000n\000t\000o\000l\000o\000g\000\355\000a\000s}{}% 14
\BOOKMARK [1][-]{section.6}{\376\377\000P\000r\000o\000c\000e\000s\000a\000m\000i\000e\000n\000t\000o\000\040\000d\000e\000\040\000T\000a\000r\000e\000a\000s\000\040\000d\000e\000s\000d\000e\000\040\000T\000e\000x\000t\000o}{}% 15
\BOOKMARK [1][-]{section.7}{\376\377\000R\000e\000s\000u\000m\000e\000n\000\040\000d\000e\000\040\000l\000a\000\040\000S\000i\000m\000u\000l\000a\000c\000i\000\363\000n}{}% 16
\BOOKMARK [1][-]{section.8}{\376\377\000A\000p\000r\000e\000n\000d\000i\000z\000a\000j\000e\000\040\000R\000e\000f\000o\000r\000z\000a\000d\000o}{}% 17
\BOOKMARK [1][-]{section.9}{\376\377\000E\000s\000t\000u\000d\000i\000o\000\040\000E\000s\000t\000a\000d\000\355\000s\000t\000i\000c\000o}{}% 18
\BOOKMARK [2][-]{subsection.9.1}{\376\377\000T\000i\000e\000m\000p\000o\000\040\000d\000e\000\040\000F\000i\000n\000a\000l\000i\000z\000a\000c\000i\000\363\000n}{section.9}% 19
\BOOKMARK [1][-]{section.10}{\376\377\000C\000o\000n\000c\000l\000u\000s\000i\000o\000n\000e\000s}{}% 20
